  freeglut_callbacks.c
  freeglut_cursor.c
  freeglut_display.c
  freeglut_ext.c
  freeglut_font.c
  freeglut_font_data.c
  freeglut_gamemode.c
  freeglut_geometry.c
  freeglut_glutfont_definitions.c
  freeglut_init.c
  freeglut_input_devices.c
  freeglut_joystick.c
  freeglut_main.c
C:\CGProgramming\freeglut-2.8.1.tar\freeglut-2.8.1\freeglut-2.8.1\src\freeglut_main.c(84,81): warning C4312: '型キャスト': 'unsigned int' からより大きいサイズの 'pGetTouchInputInfo' へ変換します。
C:\CGProgramming\freeglut-2.8.1.tar\freeglut-2.8.1\freeglut-2.8.1\src\freeglut_main.c(85,93): warning C4312: '型キャスト': 'unsigned int' からより大きいサイズの 'pCloseTouchInputHandle' へ変換します。
C:\CGProgramming\freeglut-2.8.1.tar\freeglut-2.8.1\freeglut-2.8.1\src\freeglut_main.c(2555,61): warning C4312: '型キャスト': 'unsigned int' からより大きいサイズの 'pGetTouchInputInfo' へ変換します。
  freeglut_menu.c
  freeglut_misc.c
  freeglut_overlay.c
  freeglut_spaceball.c
  freeglut_state.c
  freeglut_stroke_mono_roman.c
  freeglut_stroke_roman.c
  コードを生成中...
  コンパイル中...
  freeglut_structure.c
C:\CGProgramming\freeglut-2.8.1.tar\freeglut-2.8.1\freeglut-2.8.1\src\freeglut_structure.c(539,45): warning C4311: '型キャスト': ポインターを 'void *' から 'int' へ切り詰めます。
C:\CGProgramming\freeglut-2.8.1.tar\freeglut-2.8.1\freeglut-2.8.1\src\freeglut_structure.c(558,37): warning C4312: '型キャスト': 'int' からより大きいサイズの 'void *' へ変換します。
  freeglut_teapot.c
  freeglut_videoresize.c
  freeglut_window.c
C:\CGProgramming\freeglut-2.8.1.tar\freeglut-2.8.1\freeglut-2.8.1\src\freeglut_window.c(146,89): warning C4312: '型キャスト': 'unsigned int' からより大きいサイズの 'pRegisterTouchWindow' へ変換します。
  fgSetupPixelFormat(): there is still some work to do here!
C:\CGProgramming\freeglut-2.8.1.tar\freeglut-2.8.1\freeglut-2.8.1\src\freeglut_window.c(1451,71): warning C4312: '型キャスト': 'unsigned int' からより大きいサイズの 'pRegisterTouchWindow' へ変換します。
  コードを生成中...
     ライブラリ ..\..\lib\x64\Debug\freeglut.lib とオブジェクト ..\..\lib\x64\Debug\freeglut.exp を作成中
  freeglut.vcxproj -> C:\CGProgramming\freeglut-2.8.1.tar\freeglut-2.8.1\freeglut-2.8.1\lib\x64\Debug\freeglut.dll
