  freeglut_callbacks.c
  freeglut_cursor.c
  freeglut_display.c
  freeglut_ext.c
  freeglut_font.c
  freeglut_font_data.c
  freeglut_gamemode.c
  freeglut_geometry.c
  freeglut_glutfont_definitions.c
  freeglut_init.c
  freeglut_input_devices.c
  freeglut_joystick.c
  freeglut_main.c
  freeglut_menu.c
  freeglut_misc.c
  freeglut_overlay.c
  freeglut_spaceball.c
  freeglut_state.c
  freeglut_stroke_mono_roman.c
  freeglut_stroke_roman.c
  コンパイル中...
  freeglut_structure.c
  freeglut_teapot.c
  freeglut_videoresize.c
  freeglut_window.c
  fgSetupPixelFormat(): there is still some work to do here!
     ライブラリ ..\..\lib\x86\freeglut.lib とオブジェクト ..\..\lib\x86\freeglut.exp を作成中
  コード生成しています。
  Previous IPDB was built with incompatible compiler, fall back to full compilation.
  All 304 functions were compiled because no usable IPDB/IOBJ from previous compilation was found.
  コード生成が終了しました。
  freeglut.vcxproj -> C:\Users\PC_User\OneDrive\履修ファイル\二年後期\デジタルメディア設計演習\freeglut-2.8.1.tar\freeglut-2.8.1\freeglut-2.8.1\lib\x86\freeglut.dll
